<?xml version="1.0" encoding="UTF-8"?>
<!-- Generated by org.testng.reporters.JUnitReportReporter -->
<testsuite hostname="AmritPC" failures="0" tests="1" name="testCases.TstCase001_AccountRegistrationTest" time="1.881" errors="0" timestamp="2023-07-15T07:47:57 PDT" skipped="0">
  <testcase classname="testCases.TstCase001_AccountRegistrationTest" name="test_account_Registration" time="1.881"/>
  <system-out/>
</testsuite> <!-- testCases.TstCase001_AccountRegistrationTest -->
