<?xml version="1.0" encoding="UTF-8"?>
<!-- Generated by org.testng.reporters.JUnitReportReporter -->
<testsuite hostname="AmritPC" failures="0" tests="4" name="testCases.TC_003_LoginTestDT" time="47.288" errors="0" timestamp="2023-07-16T09:35:10 PDT" skipped="0">
  <testcase classname="testCases.TC_003_LoginTestDT" name="test_account_login" time="11.810"/>
  <system-out/>
  <testcase classname="testCases.TC_003_LoginTestDT" name="test_account_login" time="11.699"/>
  <system-out/>
  <testcase classname="testCases.TC_003_LoginTestDT" name="test_account_login" time="11.960"/>
  <system-out/>
  <testcase classname="testCases.TC_003_LoginTestDT" name="test_account_login" time="11.819"/>
  <system-out/>
</testsuite> <!-- testCases.TC_003_LoginTestDT -->
